2026-03-07 22:14 #2028:ci-pending, #2630:needs-fix, #2599:ci-pending, #2574:ci-pending, #2628:ci-pending, #2634:ci-pending, #2324:ci-pending
2026-03-07 22:14 #2028:ci-pending, #2630:needs-fix, #2599:ci-pending, #2574:ci-pending, #2628:ci-pending, #2634:ci-pending, #2324:ci-pending
2026-03-07 22:26 #2028:ci-pending, #2630:ci-pending, #2599:ci-pending, #2574:ci-pending, #2628:ci-pending, #2634:ci-pending, #2324:ci-pending
2026-03-07 22:44 #2028:ci-pending, #2630:ci-pending, #2599:ci-pending, #2574:ci-pending, #2628:ci-pending, #2634:ci-pending, #2324:ci-pending
2026-03-07 23:14 #2028:ci-pending, #2630:ci-pending, #2599:ci-pending, #2574:ci-pending, #2628:ci-pending, #2634:ci-pending, #2324:ci-pending
2026-03-08 09:20 #2028:ci-pending, #2630:ci-pending, #2599:ci-pending, #2574:ci-pending, #2628:ci-pending, #2634:ci-green, #2324:needs-fix
2026-03-08 09:21 #2028:ci-failed-flaky, #2630:ci-pending, #2599:ci-pending, #2574:ci-pending, #2628:ci-pending, #2634:ci-green, #2324:needs-fix
2026-03-08 15:23 #2028:ci-failed-flaky, #2630:ci-pending, #2599:ci-green, #2574:ci-pending, #2628:ci-pending, #2634:ci-green, #2324:ci-pending
2026-03-08 15:54 #2028:ci-failed-flaky, #2630:ci-failed-flaky, #2599:ci-green, #2574:ci-failed-flaky, #2628:ci-failed-flaky, #2634:ci-green, #2324:ci-failed-flaky
2026-03-08 16:25 #2028:ci-failed-flaky, #2630:ci-failed-flaky, #2599:ci-green, #2574:ci-failed-flaky, #2628:ci-failed-flaky, #2634:ci-green, #2324:ci-failed-flaky
2026-03-08 16:55 #2028:ci-failed-flaky, #2630:ci-failed-flaky, #2599:ci-green, #2574:ci-failed-flaky, #2628:ci-failed-flaky, #2634:ci-green, #2324:ci-failed-flaky
2026-03-08 17:26 #2028:ci-failed-flaky, #2630:ci-failed-flaky, #2599:ci-green, #2574:ci-failed-flaky, #2628:ci-failed-flaky, #2634:ci-green, #2324:ci-failed-flaky
2026-03-08 18:21 #2028:ci-failed-flaky, #2630:ci-failed-flaky, #2599:ci-green, #2574:ci-failed-flaky, #2628:ci-pending, #2634:ci-green, #2324:ci-failed-flaky
2026-03-08 18:52 #2028:ci-failed-flaky, #2630:ci-failed-flaky, #2599:ci-green, #2574:ci-failed-flaky, #2628:ci-failed-main, #2634:ci-green, #2324:ci-failed-flaky
2026-03-08 19:23 #2028:ci-failed-flaky, #2630:ci-failed-flaky, #2599:ci-green, #2574:ci-failed-flaky, #2628:ci-pending, #2634:ci-green, #2324:ci-failed-flaky
2026-03-08 19:53 #2028:ci-failed-flaky, #2630:ci-failed-flaky, #2599:ci-green, #2574:ci-failed-flaky, #2628:ci-green, #2634:ci-green, #2324:ci-failed-flaky
2026-03-08 20:24 #2028:ci-failed-flaky, #2630:ci-failed-flaky, #2599:ci-green, #2574:ci-failed-flaky, #2628:ci-green, #2634:ci-green, #2324:ci-failed-flaky
2026-03-08 22:07 #2028:ci-pending, #2630:ci-failed-flaky, #2599:ci-green, #2574:ci-failed-flaky, #2628:ci-green, #2634:ci-pending, #2324:ci-pending
2026-03-08 22:37 #2028:ci-failed-main, #2630:ci-failed-flaky, #2599:ci-green, #2574:ci-failed-flaky, #2628:ci-green, #2634:ci-pending, #2324:ci-pending
2026-03-08 23:08 #2028:needs-fix, #2630:ci-failed-flaky, #2599:ci-green, #2574:ci-failed-flaky, #2628:ci-green, #2634:ci-pending, #2324:needs-fix
2026-03-08 23:39 #2028:needs-fix, #2630:ci-failed-flaky, #2599:ci-green, #2574:ci-failed-flaky, #2628:ci-green, #2634:ci-pending, #2324:needs-fix
2026-03-09 00:10 #2028:needs-fix, #2630:ci-failed-flaky, #2599:ci-green, #2574:ci-failed-flaky, #2628:ci-green, #2634:ci-pending, #2324:needs-fix
2026-03-09 00:41 #2028:needs-fix, #2630:ci-failed-flaky, #2599:ci-green, #2574:ci-failed-flaky, #2628:ci-green, #2634:ci-pending, #2324:needs-fix
2026-03-09 01:12 #2028:needs-fix, #2630:ci-failed-flaky, #2599:ci-green, #2574:ci-failed-flaky, #2628:ci-green, #2634:ci-pending, #2324:needs-fix
2026-03-09 01:43 ERROR Post "https://api.github.com/graphql": dial tcp 140.82.116.6:443: i/o timeout
2026-03-09 02:14 #2028:needs-fix, #2630:ci-failed-flaky, #2599:ci-green, #2574:ci-failed-flaky, #2628:ci-green, #2634:ci-failed-main, #2324:needs-fix
2026-03-09 02:45 #2028:needs-fix, #2630:ci-failed-flaky, #2599:ci-green, #2574:ci-failed-flaky, #2628:ci-green, #2634:ci-failed-main, #2324:needs-fix
2026-03-09 03:16 #2028:needs-fix, #2630:ci-failed-flaky, #2599:ci-green, #2574:ci-failed-flaky, #2628:ci-green, #2634:ci-failed-main, #2324:needs-fix
2026-03-09 03:47 #2028:needs-fix, #2630:ci-failed-flaky, #2599:ci-green, #2574:ci-failed-flaky, #2628:merged, #2634:ci-failed-main, #2324:needs-fix
2026-03-09 04:18 #2028:needs-fix, #2630:ci-failed-flaky, #2599:needs-rebase, #2574:ci-failed-flaky, #2628:merged, #2634:ci-failed-main, #2324:needs-fix
2026-03-09 04:50 #2028:needs-fix, #2630:ci-failed-flaky, #2599:needs-rebase, #2574:ci-failed-flaky, #2628:merged, #2634:ci-pending, #2324:needs-fix
2026-03-09 05:21 #2028:needs-fix, #2630:ci-failed-flaky, #2599:needs-rebase, #2574:ci-failed-flaky, #2628:merged, #2634:ci-failed-flaky, #2324:needs-fix
2026-03-09 05:52 #2028:needs-fix, #2630:ci-failed-flaky, #2599:needs-rebase, #2574:ci-failed-flaky, #2628:merged, #2634:ci-failed-flaky, #2324:needs-fix
2026-03-09 06:23 #2028:needs-fix, #2630:ci-failed-flaky, #2599:needs-rebase, #2574:ci-failed-flaky, #2628:merged, #2634:ci-failed-flaky, #2324:needs-fix
2026-03-09 06:54 #2028:needs-fix, #2630:ci-failed-flaky, #2599:needs-rebase, #2574:ci-failed-flaky, #2628:merged, #2634:ci-failed-flaky, #2324:needs-fix
2026-03-09 07:25 #2028:needs-fix, #2630:ci-failed-flaky, #2599:needs-rebase, #2574:ci-failed-flaky, #2628:merged, #2634:ci-failed-flaky, #2324:needs-fix
2026-03-09 07:57 #2028:needs-fix, #2630:ci-failed-flaky, #2599:needs-rebase, #2574:ci-failed-flaky, #2628:merged, #2634:ci-failed-flaky, #2324:needs-fix
2026-03-09 08:28 #2028:needs-fix, #2630:ci-failed-main, #2599:needs-rebase, #2574:ci-failed-flaky, #2628:merged, #2634:ci-failed-flaky, #2324:needs-fix
2026-03-09 08:59 #2028:needs-fix, #2630:ci-failed-main, #2599:ci-pending, #2574:ci-failed-flaky, #2628:merged, #2634:ci-failed-flaky, #2324:needs-fix
2026-03-09 09:31 #2028:needs-fix, #2630:ci-failed-main, #2599:ci-pending, #2574:ci-failed-flaky, #2628:merged, #2634:ci-failed-flaky, #2324:needs-fix
2026-03-09 12:19 #2028:needs-fix, #2630:ci-failed-main, #2599:ci-failed-flaky, #2574:ci-failed-flaky, #2628:merged, #2634:ci-failed-flaky, #2324:needs-fix
2026-03-09 17:10 #2028:needs-fix, #2630:ci-pending, #2599:ci-failed-main, #2574:ci-pending, #2628:merged, #2634:ci-failed-flaky, #2324:needs-fix
